{"meta": {"format": 3, "version": "7.6.0", "timestamp": "2025-10-08T13:10:40.600156", "branch_coverage": false, "show_contexts": false}, "files": {"provenance/__init__.py": {"executed_lines": [1, 21, 22, 34, 37, 57, 58, 61, 62, 63, 66, 67, 71, 94, 95, 98, 119, 120, 124], "summary": {"covered_lines": 18, "num_statements": 18, "percent_covered": 100.0, "percent_covered_display": "100", "missing_lines": 0, "excluded_lines": 0}, "missing_lines": [], "excluded_lines": [], "functions": {"load_yaml": {"executed_lines": [94, 95], "summary": {"covered_lines": 2, "num_statements": 2, "percent_covered": 100.0, "percent_covered_display": "100", "missing_lines": 0, "excluded_lines": 0}, "missing_lines": [], "excluded_lines": []}, "dump_yaml": {"executed_lines": [119, 120], "summary": {"covered_lines": 2, "num_statements": 2, "percent_covered": 100.0, "percent_covered_display": "100", "missing_lines": 0, "excluded_lines": 0}, "missing_lines": [], "excluded_lines": []}, "": {"executed_lines": [1, 21, 22, 34, 37, 57, 58, 61, 62, 63, 66, 67, 71, 98, 124], "summary": {"covered_lines": 14, "num_statements": 14, "percent_covered": 100.0, "percent_covered_display": "100", "missing_lines": 0, "excluded_lines": 0}, "missing_lines": [], "excluded_lines": []}}, "classes": {"": {"executed_lines": [1, 21, 22, 34, 37, 57, 58, 61, 62, 63, 66, 67, 71, 94, 95, 98, 119, 120, 124], "summary": {"covered_lines": 18, "num_statements": 18, "percent_covered": 100.0, "percent_covered_display": "100", "missing_lines": 0, "excluded_lines": 0}, "missing_lines": [], "excluded_lines": []}}}, "provenance/config/__init__.py": {"executed_lines": [1, 3, 5], "summary": {"covered_lines": 2, "num_statements": 2, "percent_covered": 100.0, "percent_covered_display": "100", "missing_lines": 0, "excluded_lines": 0}, "missing_lines": [], "excluded_lines": [], "functions": {"": {"executed_lines": [1, 3, 5], "summary": {"covered_lines": 2, "num_statements": 2, "percent_covered": 100.0, "percent_covered_display": "100", "missing_lines": 0, "excluded_lines": 0}, "missing_lines": [], "excluded_lines": []}}, "classes": {"": {"executed_lines": [1, 3, 5], "summary": {"covered_lines": 2, "num_statements": 2, "percent_covered": 100.0, "percent_covered_display": "100", "missing_lines": 0, "excluded_lines": 0}, "missing_lines": [], "excluded_lines": []}}}, "provenance/config/settings.py": {"executed_lines": [1, 3, 4, 5, 8, 9, 35, 44, 49, 55, 60, 65, 70, 87, 92, 98, 105, 110, 116, 121, 126, 133, 134, 137, 140, 146, 149, 162, 165, 168, 183], "summary": {"covered_lines": 29, "num_statements": 36, "percent_covered": 80.55555555555556, "percent_covered_display": "81", "missing_lines": 7, "excluded_lines": 0}, "missing_lines": [147, 155, 156, 157, 180, 194, 195], "excluded_lines": [], "functions": {"ProvenanceSettings.configure_logging": {"executed_lines": [133, 134, 137, 140, 146], "summary": {"covered_lines": 5, "num_statements": 6, "percent_covered": 83.33333333333333, "percent_covered_display": "83", "missing_lines": 1, "excluded_lines": 0}, "missing_lines": [147], "excluded_lines": []}, "ProvenanceSettings.reset_to_defaults": {"executed_lines": [], "summary": {"covered_lines": 0, "num_statements": 3, "percent_covered": 0.0, "percent_covered_display": "0", "missing_lines": 3, "excluded_lines": 0}, "missing_lines": [155, 156, 157], "excluded_lines": []}, "get_settings": {"executed_lines": [], "summary": {"covered_lines": 0, "num_statements": 1, "percent_covered": 0.0, "percent_covered_display": "0", "missing_lines": 1, "excluded_lines": 0}, "missing_lines": [180], "excluded_lines": []}, "reset_settings": {"executed_lines": [], "summary": {"covered_lines": 0, "num_statements": 2, "percent_covered": 0.0, "percent_covered_display": "0", "missing_lines": 2, "excluded_lines": 0}, "missing_lines": [194, 195], "excluded_lines": []}, "": {"executed_lines": [1, 3, 4, 5, 8, 9, 35, 44, 49, 55, 60, 65, 70, 87, 92, 98, 105, 110, 116, 121, 126, 149, 162, 165, 168, 183], "summary": {"covered_lines": 24, "num_statements": 24, "percent_covered": 100.0, "percent_covered_display": "100", "missing_lines": 0, "excluded_lines": 0}, "missing_lines": [], "excluded_lines": []}}, "classes": {"ProvenanceSettings": {"executed_lines": [133, 134, 137, 140, 146], "summary": {"covered_lines": 5, "num_statements": 9, "percent_covered": 55.55555555555556, "percent_covered_display": "56", "missing_lines": 4, "excluded_lines": 0}, "missing_lines": [147, 155, 156, 157], "excluded_lines": []}, "": {"executed_lines": [1, 3, 4, 5, 8, 9, 35, 44, 49, 55, 60, 65, 70, 87, 92, 98, 105, 110, 116, 121, 126, 149, 162, 165, 168, 183], "summary": {"covered_lines": 24, "num_statements": 27, "percent_covered": 88.88888888888889, "percent_covered_display": "89", "missing_lines": 3, "excluded_lines": 0}, "missing_lines": [180, 194, 195], "excluded_lines": []}}}, "provenance/core/__init__.py": {"executed_lines": [1, 8, 9, 10, 16], "summary": {"covered_lines": 4, "num_statements": 4, "percent_covered": 100.0, "percent_covered_display": "100", "missing_lines": 0, "excluded_lines": 0}, "missing_lines": [], "excluded_lines": [], "functions": {"": {"executed_lines": [1, 8, 9, 10, 16], "summary": {"covered_lines": 4, "num_statements": 4, "percent_covered": 100.0, "percent_covered_display": "100", "missing_lines": 0, "excluded_lines": 0}, "missing_lines": [], "excluded_lines": []}}, "classes": {"": {"executed_lines": [1, 8, 9, 10, 16], "summary": {"covered_lines": 4, "num_statements": 4, "percent_covered": 100.0, "percent_covered_display": "100", "missing_lines": 0, "excluded_lines": 0}, "missing_lines": [], "excluded_lines": []}}}, "provenance/core/decorators.py": {"executed_lines": [1, 8, 9, 10, 12, 14, 17, 108, 137], "summary": {"covered_lines": 8, "num_statements": 47, "percent_covered": 17.02127659574468, "percent_covered_display": "17", "missing_lines": 39, "excluded_lines": 0}, "missing_lines": [43, 44, 46, 48, 50, 51, 65, 66, 67, 68, 71, 74, 75, 78, 79, 82, 83, 84, 85, 88, 89, 90, 93, 95, 98, 99, 101, 103, 105, 130, 132, 156, 157, 158, 161, 162, 164, 166, 168], "excluded_lines": [], "functions": {"track_provenance": {"executed_lines": [], "summary": {"covered_lines": 0, "num_statements": 4, "percent_covered": 0.0, "percent_covered_display": "0", "missing_lines": 4, "excluded_lines": 0}, "missing_lines": [43, 44, 46, 105], "excluded_lines": []}, "track_provenance.decorator": {"executed_lines": [], "summary": {"covered_lines": 0, "num_statements": 4, "percent_covered": 0.0, "percent_covered_display": "0", "missing_lines": 4, "excluded_lines": 0}, "missing_lines": [48, 50, 51, 103], "excluded_lines": []}, "track_provenance.decorator.wrapper": {"executed_lines": [], "summary": {"covered_lines": 0, "num_statements": 21, "percent_covered": 0.0, "percent_covered_display": "0", "missing_lines": 21, "excluded_lines": 0}, "missing_lines": [65, 66, 67, 68, 71, 74, 75, 78, 79, 82, 83, 84, 85, 88, 89, 90, 93, 95, 98, 99, 101], "excluded_lines": []}, "keep_provenance_in_recursive_function": {"executed_lines": [], "summary": {"covered_lines": 0, "num_statements": 2, "percent_covered": 0.0, "percent_covered_display": "0", "missing_lines": 2, "excluded_lines": 0}, "missing_lines": [130, 132], "excluded_lines": []}, "preserve_provenance": {"executed_lines": [], "summary": {"covered_lines": 0, "num_statements": 3, "percent_covered": 0.0, "percent_covered_display": "0", "missing_lines": 3, "excluded_lines": 0}, "missing_lines": [156, 157, 168], "excluded_lines": []}, "preserve_provenance.wrapper": {"executed_lines": [], "summary": {"covered_lines": 0, "num_statements": 5, "percent_covered": 0.0, "percent_covered_display": "0", "missing_lines": 5, "excluded_lines": 0}, "missing_lines": [158, 161, 162, 164, 166], "excluded_lines": []}, "": {"executed_lines": [1, 8, 9, 10, 12, 14, 17, 108, 137], "summary": {"covered_lines": 8, "num_statements": 8, "percent_covered": 100.0, "percent_covered_display": "100", "missing_lines": 0, "excluded_lines": 0}, "missing_lines": [], "excluded_lines": []}}, "classes": {"": {"executed_lines": [1, 8, 9, 10, 12, 14, 17, 108, 137], "summary": {"covered_lines": 8, "num_statements": 47, "percent_covered": 17.02127659574468, "percent_covered_display": "17", "missing_lines": 39, "excluded_lines": 0}, "missing_lines": [43, 44, 46, 48, 50, 51, 65, 66, 67, 68, 71, 74, 75, 78, 79, 82, 83, 84, 85, 88, 89, 90, 93, 95, 98, 99, 101, 103, 105, 130, 132, 156, 157, 158, 161, 162, 164, 166, 168], "excluded_lines": []}}}, "provenance/core/hierarchy.py": {"executed_lines": [1, 8, 9, 10, 11, 13, 14, 17, 18, 25, 26, 27, 28, 29, 30, 31, 32, 33, 34, 37, 38, 47, 51, 54, 58, 61, 62, 81, 88, 89, 91, 98, 100, 111, 112, 114, 116, 143, 144, 147, 148, 152, 155, 156, 160, 163, 165, 180, 181, 183, 185, 186, 191, 197, 205, 208, 209, 213, 216, 217, 221, 224, 230, 232, 233, 254, 257], "summary": {"covered_lines": 63, "num_statements": 64, "percent_covered": 98.4375, "percent_covered_display": "98", "missing_lines": 1, "excluded_lines": 0}, "missing_lines": [255], "excluded_lines": [], "functions": {"HierarchyManager.__init__": {"executed_lines": [88, 89], "summary": {"covered_lines": 2, "num_statements": 2, "percent_covered": 100.0, "percent_covered_display": "100", "missing_lines": 0, "excluded_lines": 0}, "missing_lines": [], "excluded_lines": []}, "HierarchyManager._build_level_map": {"executed_lines": [98], "summary": {"covered_lines": 1, "num_statements": 1, "percent_covered": 100.0, "percent_covered_display": "100", "missing_lines": 0, "excluded_lines": 0}, "missing_lines": [], "excluded_lines": []}, "HierarchyManager.get_level": {"executed_lines": [111, 112, 114], "summary": {"covered_lines": 3, "num_statements": 3, "percent_covered": 100.0, "percent_covered_display": "100", "missing_lines": 0, "excluded_lines": 0}, "missing_lines": [], "excluded_lines": []}, "HierarchyManager.should_override": {"executed_lines": [143, 144, 147, 148, 152, 155, 156, 160, 163], "summary": {"covered_lines": 9, "num_statements": 9, "percent_covered": 100.0, "percent_covered_display": "100", "missing_lines": 0, "excluded_lines": 0}, "missing_lines": [], "excluded_lines": []}, "HierarchyManager._resolve_same_level": {"executed_lines": [180, 181, 183, 185, 186, 191, 197, 205, 208, 209, 213, 216, 217, 221, 224, 230], "summary": {"covered_lines": 16, "num_statements": 16, "percent_covered": 100.0, "percent_covered_display": "100", "missing_lines": 0, "excluded_lines": 0}, "missing_lines": [], "excluded_lines": []}, "HierarchyManager._is_nested_choose": {"executed_lines": [254, 257], "summary": {"covered_lines": 2, "num_statements": 3, "percent_covered": 66.66666666666667, "percent_covered_display": "67", "missing_lines": 1, "excluded_lines": 0}, "missing_lines": [255], "excluded_lines": []}, "": {"executed_lines": [1, 8, 9, 10, 11, 13, 14, 17, 18, 25, 26, 27, 28, 29, 30, 31, 32, 33, 34, 37, 38, 47, 51, 54, 58, 61, 62, 81, 91, 100, 116, 165, 232, 233], "summary": {"covered_lines": 30, "num_statements": 30, "percent_covered": 100.0, "percent_covered_display": "100", "missing_lines": 0, "excluded_lines": 0}, "missing_lines": [], "excluded_lines": []}}, "classes": {"CategoryLevel": {"executed_lines": [], "summary": {"covered_lines": 0, "num_statements": 0, "percent_covered": 100.0, "percent_covered_display": "100", "missing_lines": 0, "excluded_lines": 0}, "missing_lines": [], "excluded_lines": []}, "HierarchyConfig": {"executed_lines": [], "summary": {"covered_lines": 0, "num_statements": 0, "percent_covered": 100.0, "percent_covered_display": "100", "missing_lines": 0, "excluded_lines": 0}, "missing_lines": [], "excluded_lines": []}, "HierarchyManager": {"executed_lines": [88, 89, 98, 111, 112, 114, 143, 144, 147, 148, 152, 155, 156, 160, 163, 180, 181, 183, 185, 186, 191, 197, 205, 208, 209, 213, 216, 217, 221, 224, 230, 254, 257], "summary": {"covered_lines": 33, "num_statements": 34, "percent_covered": 97.05882352941177, "percent_covered_display": "97", "missing_lines": 1, "excluded_lines": 0}, "missing_lines": [255], "excluded_lines": []}, "": {"executed_lines": [1, 8, 9, 10, 11, 13, 14, 17, 18, 25, 26, 27, 28, 29, 30, 31, 32, 33, 34, 37, 38, 47, 51, 54, 58, 61, 62, 81, 91, 100, 116, 165, 232, 233], "summary": {"covered_lines": 30, "num_statements": 30, "percent_covered": 100.0, "percent_covered_display": "100", "missing_lines": 0, "excluded_lines": 0}, "missing_lines": [], "excluded_lines": []}}}, "provenance/core/provenance.py": {"executed_lines": [1, 8, 9, 10, 13, 14, 32, 33, 34, 35, 36, 37, 38, 39, 43, 45, 50, 61, 63, 70, 71, 72, 75, 76, 92, 109, 110, 111, 112, 113, 114, 118, 119, 129, 130, 131, 133, 148, 150, 151, 152, 154, 155, 156, 158, 175, 176, 177, 179, 180, 181, 182, 184, 185, 196, 198, 210, 212, 219, 220, 222, 232, 233, 235, 237, 239, 242, 243, 244, 245, 246, 247, 248, 249, 250, 252, 253], "summary": {"covered_lines": 61, "num_statements": 62, "percent_covered": 98.38709677419355, "percent_covered_display": "98", "missing_lines": 1, "excluded_lines": 17}, "missing_lines": [116], "excluded_lines": [237, 238, 239, 240, 241, 242, 243, 244, 245, 246, 247, 248, 249, 250, 251, 252, 253], "functions": {"ProvenanceStep.dict": {"executed_lines": [61], "summary": {"covered_lines": 1, "num_statements": 1, "percent_covered": 100.0, "percent_covered_display": "100", "missing_lines": 0, "excluded_lines": 0}, "missing_lines": [], "excluded_lines": []}, "ProvenanceStep.update": {"executed_lines": [70, 71, 72], "summary": {"covered_lines": 3, "num_statements": 3, "percent_covered": 100.0, "percent_covered_display": "100", "missing_lines": 0, "excluded_lines": 0}, "missing_lines": [], "excluded_lines": []}, "Provenance.__init__": {"executed_lines": [109, 110, 111, 112, 113, 114], "summary": {"covered_lines": 6, "num_statements": 7, "percent_covered": 85.71428571428571, "percent_covered_display": "86", "missing_lines": 1, "excluded_lines": 0}, "missing_lines": [116], "excluded_lines": []}, "Provenance._ensure_step": {"executed_lines": [129, 130, 131], "summary": {"covered_lines": 3, "num_statements": 3, "percent_covered": 100.0, "percent_covered_display": "100", "missing_lines": 0, "excluded_lines": 0}, "missing_lines": [], "excluded_lines": []}, "Provenance.append_modified_by": {"executed_lines": [148, 150, 151, 152, 154, 155, 156], "summary": {"covered_lines": 7, "num_statements": 7, "percent_covered": 100.0, "percent_covered_display": "100", "missing_lines": 0, "excluded_lines": 0}, "missing_lines": [], "excluded_lines": []}, "Provenance.extend_and_mark": {"executed_lines": [175, 176, 177, 179, 180, 181, 182], "summary": {"covered_lines": 7, "num_statements": 7, "percent_covered": 100.0, "percent_covered_display": "100", "missing_lines": 0, "excluded_lines": 0}, "missing_lines": [], "excluded_lines": []}, "Provenance.current": {"executed_lines": [196], "summary": {"covered_lines": 1, "num_statements": 1, "percent_covered": 100.0, "percent_covered_display": "100", "missing_lines": 0, "excluded_lines": 0}, "missing_lines": [], "excluded_lines": []}, "Provenance.to_dict": {"executed_lines": [210], "summary": {"covered_lines": 1, "num_statements": 1, "percent_covered": 100.0, "percent_covered_display": "100", "missing_lines": 0, "excluded_lines": 0}, "missing_lines": [], "excluded_lines": []}, "Provenance.to_json": {"executed_lines": [219, 220], "summary": {"covered_lines": 2, "num_statements": 2, "percent_covered": 100.0, "percent_covered_display": "100", "missing_lines": 0, "excluded_lines": 0}, "missing_lines": [], "excluded_lines": []}, "Provenance.copy": {"executed_lines": [232, 233, 235], "summary": {"covered_lines": 3, "num_statements": 3, "percent_covered": 100.0, "percent_covered_display": "100", "missing_lines": 0, "excluded_lines": 0}, "missing_lines": [], "excluded_lines": []}, "Provenance.__repr__": {"executed_lines": [239, 242, 243, 244, 245, 246, 247, 248, 249, 250, 252, 253], "summary": {"covered_lines": 0, "num_statements": 0, "percent_covered": 100.0, "percent_covered_display": "100", "missing_lines": 0, "excluded_lines": 16}, "missing_lines": [], "excluded_lines": [238, 239, 240, 241, 242, 243, 244, 245, 246, 247, 248, 249, 250, 251, 252, 253]}, "": {"executed_lines": [1, 8, 9, 10, 13, 14, 32, 33, 34, 35, 36, 37, 38, 39, 43, 45, 50, 63, 75, 76, 92, 118, 119, 133, 158, 184, 185, 198, 212, 222, 237], "summary": {"covered_lines": 27, "num_statements": 27, "percent_covered": 100.0, "percent_covered_display": "100", "missing_lines": 0, "excluded_lines": 1}, "missing_lines": [], "excluded_lines": [237]}}, "classes": {"ProvenanceStep": {"executed_lines": [61, 70, 71, 72], "summary": {"covered_lines": 4, "num_statements": 4, "percent_covered": 100.0, "percent_covered_display": "100", "missing_lines": 0, "excluded_lines": 0}, "missing_lines": [], "excluded_lines": []}, "Provenance": {"executed_lines": [109, 110, 111, 112, 113, 114, 129, 130, 131, 148, 150, 151, 152, 154, 155, 156, 175, 176, 177, 179, 180, 181, 182, 196, 210, 219, 220, 232, 233, 235, 239, 242, 243, 244, 245, 246, 247, 248, 249, 250, 252, 253], "summary": {"covered_lines": 30, "num_statements": 31, "percent_covered": 96.7741935483871, "percent_covered_display": "97", "missing_lines": 1, "excluded_lines": 16}, "missing_lines": [116], "excluded_lines": [238, 239, 240, 241, 242, 243, 244, 245, 246, 247, 248, 249, 250, 251, 252, 253]}, "": {"executed_lines": [1, 8, 9, 10, 13, 14, 32, 33, 34, 35, 36, 37, 38, 39, 43, 45, 50, 63, 75, 76, 92, 118, 119, 133, 158, 184, 185, 198, 212, 222, 237], "summary": {"covered_lines": 27, "num_statements": 27, "percent_covered": 100.0, "percent_covered_display": "100", "missing_lines": 0, "excluded_lines": 1}, "missing_lines": [], "excluded_lines": [237]}}}, "provenance/exceptions.py": {"executed_lines": [1, 3, 6, 7, 9, 12, 13, 26, 44, 45, 46, 47, 49, 50, 51, 52, 53, 55, 62, 65, 66, 81, 103, 104, 105, 106, 107, 108, 110, 111, 118, 121, 122, 128, 131, 132, 139, 142, 143, 149, 152, 153, 160, 163, 164, 171], "summary": {"covered_lines": 37, "num_statements": 37, "percent_covered": 100.0, "percent_covered_display": "100", "missing_lines": 0, "excluded_lines": 0}, "missing_lines": [], "excluded_lines": [], "functions": {"CategoryConflictError.__init__": {"executed_lines": [44, 45, 46, 47, 49, 50, 51, 52, 53, 55, 62], "summary": {"covered_lines": 11, "num_statements": 11, "percent_covered": 100.0, "percent_covered_display": "100", "missing_lines": 0, "excluded_lines": 0}, "missing_lines": [], "excluded_lines": []}, "ChooseConflictError.__init__": {"executed_lines": [103, 104, 105, 106, 107, 108, 110, 111, 118], "summary": {"covered_lines": 9, "num_statements": 9, "percent_covered": 100.0, "percent_covered_display": "100", "missing_lines": 0, "excluded_lines": 0}, "missing_lines": [], "excluded_lines": []}, "": {"executed_lines": [1, 3, 6, 7, 9, 12, 13, 26, 65, 66, 81, 121, 122, 128, 131, 132, 139, 142, 143, 149, 152, 153, 160, 163, 164, 171], "summary": {"covered_lines": 17, "num_statements": 17, "percent_covered": 100.0, "percent_covered_display": "100", "missing_lines": 0, "excluded_lines": 0}, "missing_lines": [], "excluded_lines": []}}, "classes": {"ProvenanceError": {"executed_lines": [], "summary": {"covered_lines": 0, "num_statements": 0, "percent_covered": 100.0, "percent_covered_display": "100", "missing_lines": 0, "excluded_lines": 0}, "missing_lines": [], "excluded_lines": []}, "CategoryConflictError": {"executed_lines": [44, 45, 46, 47, 49, 50, 51, 52, 53, 55, 62], "summary": {"covered_lines": 11, "num_statements": 11, "percent_covered": 100.0, "percent_covered_display": "100", "missing_lines": 0, "excluded_lines": 0}, "missing_lines": [], "excluded_lines": []}, "ChooseConflictError": {"executed_lines": [103, 104, 105, 106, 107, 108, 110, 111, 118], "summary": {"covered_lines": 9, "num_statements": 9, "percent_covered": 100.0, "percent_covered_display": "100", "missing_lines": 0, "excluded_lines": 0}, "missing_lines": [], "excluded_lines": []}, "ValidationError": {"executed_lines": [], "summary": {"covered_lines": 0, "num_statements": 0, "percent_covered": 100.0, "percent_covered_display": "100", "missing_lines": 0, "excluded_lines": 0}, "missing_lines": [], "excluded_lines": []}, "SerializationError": {"executed_lines": [], "summary": {"covered_lines": 0, "num_statements": 0, "percent_covered": 100.0, "percent_covered_display": "100", "missing_lines": 0, "excluded_lines": 0}, "missing_lines": [], "excluded_lines": []}, "ConfigurationError": {"executed_lines": [], "summary": {"covered_lines": 0, "num_statements": 0, "percent_covered": 100.0, "percent_covered_display": "100", "missing_lines": 0, "excluded_lines": 0}, "missing_lines": [], "excluded_lines": []}, "LoaderError": {"executed_lines": [], "summary": {"covered_lines": 0, "num_statements": 0, "percent_covered": 100.0, "percent_covered_display": "100", "missing_lines": 0, "excluded_lines": 0}, "missing_lines": [], "excluded_lines": []}, "DumperError": {"executed_lines": [], "summary": {"covered_lines": 0, "num_statements": 0, "percent_covered": 100.0, "percent_covered_display": "100", "missing_lines": 0, "excluded_lines": 0}, "missing_lines": [], "excluded_lines": []}, "": {"executed_lines": [1, 3, 6, 7, 9, 12, 13, 26, 65, 66, 81, 121, 122, 128, 131, 132, 139, 142, 143, 149, 152, 153, 160, 163, 164, 171], "summary": {"covered_lines": 17, "num_statements": 17, "percent_covered": 100.0, "percent_covered_display": "100", "missing_lines": 0, "excluded_lines": 0}, "missing_lines": [], "excluded_lines": []}}}, "provenance/types/__init__.py": {"executed_lines": [1, 20, 25, 32, 36, 41], "summary": {"covered_lines": 5, "num_statements": 5, "percent_covered": 100.0, "percent_covered_display": "100", "missing_lines": 0, "excluded_lines": 0}, "missing_lines": [], "excluded_lines": [], "functions": {"": {"executed_lines": [1, 20, 25, 32, 36, 41], "summary": {"covered_lines": 5, "num_statements": 5, "percent_covered": 100.0, "percent_covered_display": "100", "missing_lines": 0, "excluded_lines": 0}, "missing_lines": [], "excluded_lines": []}}, "classes": {"": {"executed_lines": [1, 20, 25, 32, 36, 41], "summary": {"covered_lines": 5, "num_statements": 5, "percent_covered": 100.0, "percent_covered_display": "100", "missing_lines": 0, "excluded_lines": 0}, "missing_lines": [], "excluded_lines": []}}}, "provenance/types/base.py": {"executed_lines": [1, 9, 10, 12, 15, 18, 19, 20, 34, 35, 39, 40, 45, 46, 61, 62, 64, 80, 81, 82, 83, 85, 87, 88, 99, 101, 102, 116, 117, 120, 123, 124, 138, 139, 141, 155, 156, 177, 178, 187, 188], "summary": {"covered_lines": 37, "num_statements": 50, "percent_covered": 74.0, "percent_covered_display": "74", "missing_lines": 13, "excluded_lines": 0}, "missing_lines": [37, 42, 152, 153, 171, 172, 173, 174, 175, 185, 198, 199, 200], "excluded_lines": [], "functions": {"HasProvenance.provenance": {"executed_lines": [], "summary": {"covered_lines": 0, "num_statements": 1, "percent_covered": 0.0, "percent_covered_display": "0", "missing_lines": 1, "excluded_lines": 0}, "missing_lines": [42], "excluded_lines": []}, "ProvenanceMixin._init_provenance": {"executed_lines": [80, 81, 82, 83, 85], "summary": {"covered_lines": 5, "num_statements": 5, "percent_covered": 100.0, "percent_covered_display": "100", "missing_lines": 0, "excluded_lines": 0}, "missing_lines": [], "excluded_lines": []}, "ProvenanceMixin.provenance": {"executed_lines": [116, 117, 120], "summary": {"covered_lines": 3, "num_statements": 3, "percent_covered": 100.0, "percent_covered_display": "100", "missing_lines": 0, "excluded_lines": 0}, "missing_lines": [], "excluded_lines": []}, "ProvenanceWrapper.__init__": {"executed_lines": [], "summary": {"covered_lines": 0, "num_statements": 2, "percent_covered": 0.0, "percent_covered_display": "0", "missing_lines": 2, "excluded_lines": 0}, "missing_lines": [152, 153], "excluded_lines": []}, "ProvenanceWrapper._init_provenance_static": {"executed_lines": [], "summary": {"covered_lines": 0, "num_statements": 5, "percent_covered": 0.0, "percent_covered_display": "0", "missing_lines": 5, "excluded_lines": 0}, "missing_lines": [171, 172, 173, 174, 175], "excluded_lines": []}, "ProvenanceWrapper.provenance": {"executed_lines": [], "summary": {"covered_lines": 0, "num_statements": 3, "percent_covered": 0.0, "percent_covered_display": "0", "missing_lines": 3, "excluded_lines": 0}, "missing_lines": [198, 199, 200], "excluded_lines": []}, "": {"executed_lines": [1, 9, 10, 12, 15, 18, 19, 20, 34, 35, 39, 40, 45, 46, 61, 62, 64, 87, 88, 101, 102, 123, 124, 138, 139, 141, 155, 156, 177, 178, 187, 188], "summary": {"covered_lines": 28, "num_statements": 28, "percent_covered": 100.0, "percent_covered_display": "100", "missing_lines": 0, "excluded_lines": 0}, "missing_lines": [], "excluded_lines": []}}, "classes": {"HasProvenance": {"executed_lines": [], "summary": {"covered_lines": 0, "num_statements": 2, "percent_covered": 0.0, "percent_covered_display": "0", "missing_lines": 2, "excluded_lines": 0}, "missing_lines": [37, 42], "excluded_lines": []}, "ProvenanceMixin": {"executed_lines": [80, 81, 82, 83, 85, 99, 116, 117, 120], "summary": {"covered_lines": 9, "num_statements": 9, "percent_covered": 100.0, "percent_covered_display": "100", "missing_lines": 0, "excluded_lines": 0}, "missing_lines": [], "excluded_lines": []}, "ProvenanceWrapper": {"executed_lines": [], "summary": {"covered_lines": 0, "num_statements": 11, "percent_covered": 0.0, "percent_covered_display": "0", "missing_lines": 11, "excluded_lines": 0}, "missing_lines": [152, 153, 171, 172, 173, 174, 175, 185, 198, 199, 200], "excluded_lines": []}, "": {"executed_lines": [1, 9, 10, 12, 15, 18, 19, 20, 34, 35, 39, 40, 45, 46, 61, 62, 64, 87, 88, 101, 102, 123, 124, 138, 139, 141, 155, 156, 177, 178, 187, 188], "summary": {"covered_lines": 28, "num_statements": 28, "percent_covered": 100.0, "percent_covered_display": "100", "missing_lines": 0, "excluded_lines": 0}, "missing_lines": [], "excluded_lines": []}}}, "provenance/types/factory.py": {"executed_lines": [1, 9, 10, 11, 12, 21, 24, 25, 43, 46, 52, 53, 86, 87, 90, 91, 94, 95, 96, 97, 99, 100, 103, 106, 107, 109, 113, 114, 116, 117, 139, 140, 143, 146, 148, 150, 151, 172, 177, 187, 189, 190, 208, 210, 212, 213, 215, 216, 218, 220, 221, 235, 238, 239, 240, 241, 242, 244, 246, 247, 261, 263, 264, 283, 284, 285, 286, 289, 290, 295, 296, 311, 315, 332], "summary": {"covered_lines": 72, "num_statements": 73, "percent_covered": 98.63013698630137, "percent_covered_display": "99", "missing_lines": 1, "excluded_lines": 0}, "missing_lines": [293], "excluded_lines": [], "functions": {"TypeWrapperFactory.wrap": {"executed_lines": [86, 87, 90, 91, 94, 95, 96, 97, 99, 100, 103, 106, 107, 109, 113, 114], "summary": {"covered_lines": 16, "num_statements": 16, "percent_covered": 100.0, "percent_covered_display": "100", "missing_lines": 0, "excluded_lines": 0}, "missing_lines": [], "excluded_lines": []}, "TypeWrapperFactory._get_or_create_wrapper_class": {"executed_lines": [139, 140, 143, 146, 148], "summary": {"covered_lines": 5, "num_statements": 5, "percent_covered": 100.0, "percent_covered_display": "100", "missing_lines": 0, "excluded_lines": 0}, "missing_lines": [], "excluded_lines": []}, "TypeWrapperFactory._create_wrapper_class": {"executed_lines": [172, 177, 187], "summary": {"covered_lines": 3, "num_statements": 3, "percent_covered": 100.0, "percent_covered_display": "100", "missing_lines": 0, "excluded_lines": 0}, "missing_lines": [], "excluded_lines": []}, "TypeWrapperFactory._make_new_method": {"executed_lines": [208, 218], "summary": {"covered_lines": 2, "num_statements": 2, "percent_covered": 100.0, "percent_covered_display": "100", "missing_lines": 0, "excluded_lines": 0}, "missing_lines": [], "excluded_lines": []}, "TypeWrapperFactory._make_new_method.__new__": {"executed_lines": [210, 212, 213, 215, 216], "summary": {"covered_lines": 5, "num_statements": 5, "percent_covered": 100.0, "percent_covered_display": "100", "missing_lines": 0, "excluded_lines": 0}, "missing_lines": [], "excluded_lines": []}, "TypeWrapperFactory._make_init_method": {"executed_lines": [235, 244], "summary": {"covered_lines": 2, "num_statements": 2, "percent_covered": 100.0, "percent_covered_display": "100", "missing_lines": 0, "excluded_lines": 0}, "missing_lines": [], "excluded_lines": []}, "TypeWrapperFactory._make_init_method.__init__": {"executed_lines": [238, 239, 240, 241, 242], "summary": {"covered_lines": 5, "num_statements": 5, "percent_covered": 100.0, "percent_covered_display": "100", "missing_lines": 0, "excluded_lines": 0}, "missing_lines": [], "excluded_lines": []}, "TypeWrapperFactory.clear_cache": {"executed_lines": [261], "summary": {"covered_lines": 1, "num_statements": 1, "percent_covered": 100.0, "percent_covered_display": "100", "missing_lines": 0, "excluded_lines": 0}, "missing_lines": [], "excluded_lines": []}, "TypeWrapperFactory.get_wrapper_class": {"executed_lines": [283, 284, 285, 286, 289, 290], "summary": {"covered_lines": 6, "num_statements": 7, "percent_covered": 85.71428571428571, "percent_covered_display": "86", "missing_lines": 1, "excluded_lines": 0}, "missing_lines": [293], "excluded_lines": []}, "TypeWrapperFactory.is_wrapped": {"executed_lines": [311], "summary": {"covered_lines": 1, "num_statements": 1, "percent_covered": 100.0, "percent_covered_display": "100", "missing_lines": 0, "excluded_lines": 0}, "missing_lines": [], "excluded_lines": []}, "wrap_with_provenance": {"executed_lines": [332], "summary": {"covered_lines": 1, "num_statements": 1, "percent_covered": 100.0, "percent_covered_display": "100", "missing_lines": 0, "excluded_lines": 0}, "missing_lines": [], "excluded_lines": []}, "": {"executed_lines": [1, 9, 10, 11, 12, 21, 24, 25, 43, 46, 52, 53, 116, 117, 150, 151, 189, 190, 220, 221, 246, 247, 263, 264, 295, 296, 315], "summary": {"covered_lines": 25, "num_statements": 25, "percent_covered": 100.0, "percent_covered_display": "100", "missing_lines": 0, "excluded_lines": 0}, "missing_lines": [], "excluded_lines": []}}, "classes": {"TypeWrapperFactory": {"executed_lines": [86, 87, 90, 91, 94, 95, 96, 97, 99, 100, 103, 106, 107, 109, 113, 114, 139, 140, 143, 146, 148, 172, 177, 187, 208, 210, 212, 213, 215, 216, 218, 235, 238, 239, 240, 241, 242, 244, 261, 283, 284, 285, 286, 289, 290, 311], "summary": {"covered_lines": 46, "num_statements": 47, "percent_covered": 97.87234042553192, "percent_covered_display": "98", "missing_lines": 1, "excluded_lines": 0}, "missing_lines": [293], "excluded_lines": []}, "": {"executed_lines": [1, 9, 10, 11, 12, 21, 24, 25, 43, 46, 52, 53, 116, 117, 150, 151, 189, 190, 220, 221, 246, 247, 263, 264, 295, 296, 315, 332], "summary": {"covered_lines": 26, "num_statements": 26, "percent_covered": 100.0, "percent_covered_display": "100", "missing_lines": 0, "excluded_lines": 0}, "missing_lines": [], "excluded_lines": []}}}, "provenance/types/mappings.py": {"executed_lines": [1, 9, 10, 11, 13, 14, 15, 18, 19, 57, 81, 82, 83, 84, 85, 87, 104, 106, 107, 109, 111, 114, 116, 119, 132, 134, 157, 160, 161, 164, 165, 166, 168, 169, 173, 174, 179, 184, 186, 187, 188, 189, 190, 192, 193, 194, 195, 211, 232, 234, 235, 237, 238, 240, 241, 242, 249, 251, 288, 289, 290, 293, 296, 297, 298, 301, 306, 311, 314, 315, 321, 324, 325, 328, 331, 335, 337, 339, 341, 343, 344, 347, 349, 350, 353, 354, 357, 361, 363, 364, 365, 367, 369, 385, 387, 404, 405, 406, 407, 410, 412, 413, 420, 421, 422, 423, 426, 429, 430, 431, 434, 435, 467, 490, 491, 492, 493, 494, 496, 514, 517, 518, 519, 521, 523, 524, 526, 528, 531, 533, 536, 549, 551, 574, 577, 578, 581, 582, 583, 585, 586, 590, 591, 596, 601, 603, 604, 605, 606, 607, 609, 610, 611, 612, 628, 649, 651, 652, 654, 655, 657, 658, 659, 666, 668, 690, 691, 692, 695, 696, 703, 708, 713, 715, 717, 720, 723, 724, 725, 728, 730, 732, 734, 749], "summary": {"covered_lines": 181, "num_statements": 233, "percent_covered": 77.6824034334764, "percent_covered_display": "78", "missing_lines": 52, "excluded_lines": 0}, "missing_lines": [121, 122, 123, 125, 167, 171, 176, 177, 178, 181, 182, 183, 198, 199, 200, 201, 203, 209, 244, 247, 302, 303, 307, 308, 318, 538, 539, 540, 542, 584, 588, 593, 594, 595, 598, 599, 600, 615, 616, 617, 618, 620, 626, 661, 664, 697, 699, 700, 704, 705, 709, 710], "excluded_lines": [], "functions": {"DictWithProvenance.__init__": {"executed_lines": [81, 82, 83, 84, 85], "summary": {"covered_lines": 5, "num_statements": 5, "percent_covered": 100.0, "percent_covered_display": "100", "missing_lines": 0, "excluded_lines": 0}, "missing_lines": [], "excluded_lines": []}, "DictWithProvenance._put_provenance": {"executed_lines": [104, 106, 107, 109, 111, 114, 116, 119, 132], "summary": {"covered_lines": 9, "num_statements": 13, "percent_covered": 69.23076923076923, "percent_covered_display": "69", "missing_lines": 4, "excluded_lines": 0}, "missing_lines": [121, 122, 123, 125], "excluded_lines": []}, "DictWithProvenance.set_provenance": {"executed_lines": [157, 160, 161, 164, 165, 166, 168, 169, 173, 174, 179, 184, 186, 187, 188, 189, 190, 192, 193, 194, 195], "summary": {"covered_lines": 21, "num_statements": 35, "percent_covered": 60.0, "percent_covered_display": "60", "missing_lines": 14, "excluded_lines": 0}, "missing_lines": [167, 171, 176, 177, 178, 181, 182, 183, 198, 199, 200, 201, 203, 209], "excluded_lines": []}, "DictWithProvenance.get_provenance": {"executed_lines": [232, 234, 235, 237, 238, 240, 241, 242, 249], "summary": {"covered_lines": 9, "num_statements": 11, "percent_covered": 81.81818181818181, "percent_covered_display": "82", "missing_lines": 2, "excluded_lines": 0}, "missing_lines": [244, 247], "excluded_lines": []}, "DictWithProvenance.__setitem__": {"executed_lines": [288, 289, 290, 293, 296, 297, 298, 301, 306, 311, 314, 315, 321, 324, 325, 328, 331, 335, 337, 339, 341, 343, 344, 347, 349, 350, 353, 354, 357, 361, 363, 364, 365, 367], "summary": {"covered_lines": 34, "num_statements": 39, "percent_covered": 87.17948717948718, "percent_covered_display": "87", "missing_lines": 5, "excluded_lines": 0}, "missing_lines": [302, 303, 307, 308, 318], "excluded_lines": []}, "DictWithProvenance.super_setitem": {"executed_lines": [385], "summary": {"covered_lines": 1, "num_statements": 1, "percent_covered": 100.0, "percent_covered_display": "100", "missing_lines": 0, "excluded_lines": 0}, "missing_lines": [], "excluded_lines": []}, "DictWithProvenance.update": {"executed_lines": [404, 405, 406, 407, 410, 412, 413, 420, 421, 422, 423, 426, 429, 430, 431], "summary": {"covered_lines": 15, "num_statements": 15, "percent_covered": 100.0, "percent_covered_display": "100", "missing_lines": 0, "excluded_lines": 0}, "missing_lines": [], "excluded_lines": []}, "ListWithProvenance.__init__": {"executed_lines": [490, 491, 492, 493, 494], "summary": {"covered_lines": 5, "num_statements": 5, "percent_covered": 100.0, "percent_covered_display": "100", "missing_lines": 0, "excluded_lines": 0}, "missing_lines": [], "excluded_lines": []}, "ListWithProvenance._put_provenance": {"executed_lines": [514, 517, 518, 519, 521, 523, 524, 526, 528, 531, 533, 536, 549], "summary": {"covered_lines": 13, "num_statements": 17, "percent_covered": 76.47058823529412, "percent_covered_display": "76", "missing_lines": 4, "excluded_lines": 0}, "missing_lines": [538, 539, 540, 542], "excluded_lines": []}, "ListWithProvenance.set_provenance": {"executed_lines": [574, 577, 578, 581, 582, 583, 585, 586, 590, 591, 596, 601, 603, 604, 605, 606, 607, 609, 610, 611, 612], "summary": {"covered_lines": 21, "num_statements": 35, "percent_covered": 60.0, "percent_covered_display": "60", "missing_lines": 14, "excluded_lines": 0}, "missing_lines": [584, 588, 593, 594, 595, 598, 599, 600, 615, 616, 617, 618, 620, 626], "excluded_lines": []}, "ListWithProvenance.get_provenance": {"executed_lines": [649, 651, 652, 654, 655, 657, 658, 659, 666], "summary": {"covered_lines": 9, "num_statements": 11, "percent_covered": 81.81818181818181, "percent_covered_display": "82", "missing_lines": 2, "excluded_lines": 0}, "missing_lines": [661, 664], "excluded_lines": []}, "ListWithProvenance.__setitem__": {"executed_lines": [690, 691, 692, 695, 696, 703, 708, 713, 715, 717, 720, 723, 724, 725, 728, 730, 732], "summary": {"covered_lines": 17, "num_statements": 24, "percent_covered": 70.83333333333333, "percent_covered_display": "71", "missing_lines": 7, "excluded_lines": 0}, "missing_lines": [697, 699, 700, 704, 705, 709, 710], "excluded_lines": []}, "ListWithProvenance.super_setitem": {"executed_lines": [749], "summary": {"covered_lines": 1, "num_statements": 1, "percent_covered": 100.0, "percent_covered_display": "100", "missing_lines": 0, "excluded_lines": 0}, "missing_lines": [], "excluded_lines": []}, "": {"executed_lines": [1, 9, 10, 11, 13, 14, 15, 18, 19, 57, 87, 134, 211, 251, 369, 387, 434, 435, 467, 496, 551, 628, 668, 734], "summary": {"covered_lines": 21, "num_statements": 21, "percent_covered": 100.0, "percent_covered_display": "100", "missing_lines": 0, "excluded_lines": 0}, "missing_lines": [], "excluded_lines": []}}, "classes": {"DictWithProvenance": {"executed_lines": [81, 82, 83, 84, 85, 104, 106, 107, 109, 111, 114, 116, 119, 132, 157, 160, 161, 164, 165, 166, 168, 169, 173, 174, 179, 184, 186, 187, 188, 189, 190, 192, 193, 194, 195, 232, 234, 235, 237, 238, 240, 241, 242, 249, 288, 289, 290, 293, 296, 297, 298, 301, 306, 311, 314, 315, 321, 324, 325, 328, 331, 335, 337, 339, 341, 343, 344, 347, 349, 350, 353, 354, 357, 361, 363, 364, 365, 367, 385, 404, 405, 406, 407, 410, 412, 413, 420, 421, 422, 423, 426, 429, 430, 431], "summary": {"covered_lines": 94, "num_statements": 119, "percent_covered": 78.99159663865547, "percent_covered_display": "79", "missing_lines": 25, "excluded_lines": 0}, "missing_lines": [121, 122, 123, 125, 167, 171, 176, 177, 178, 181, 182, 183, 198, 199, 200, 201, 203, 209, 244, 247, 302, 303, 307, 308, 318], "excluded_lines": []}, "ListWithProvenance": {"executed_lines": [490, 491, 492, 493, 494, 514, 517, 518, 519, 521, 523, 524, 526, 528, 531, 533, 536, 549, 574, 577, 578, 581, 582, 583, 585, 586, 590, 591, 596, 601, 603, 604, 605, 606, 607, 609, 610, 611, 612, 649, 651, 652, 654, 655, 657, 658, 659, 666, 690, 691, 692, 695, 696, 703, 708, 713, 715, 717, 720, 723, 724, 725, 728, 730, 732, 749], "summary": {"covered_lines": 66, "num_statements": 93, "percent_covered": 70.96774193548387, "percent_covered_display": "71", "missing_lines": 27, "excluded_lines": 0}, "missing_lines": [538, 539, 540, 542, 584, 588, 593, 594, 595, 598, 599, 600, 615, 616, 617, 618, 620, 626, 661, 664, 697, 699, 700, 704, 705, 709, 710], "excluded_lines": []}, "": {"executed_lines": [1, 9, 10, 11, 13, 14, 15, 18, 19, 57, 87, 134, 211, 251, 369, 387, 434, 435, 467, 496, 551, 628, 668, 734], "summary": {"covered_lines": 21, "num_statements": 21, "percent_covered": 100.0, "percent_covered_display": "100", "missing_lines": 0, "excluded_lines": 0}, "missing_lines": [], "excluded_lines": []}}}, "provenance/types/wrappers.py": {"executed_lines": [1, 8, 9, 10, 13, 14, 33, 46, 47, 49, 61, 63, 75, 77, 91, 93, 109, 110, 111, 113, 123, 125, 137, 139, 140, 152, 155, 156, 173, 185, 186, 188, 200, 202, 214, 216, 230, 232, 248, 249, 250, 252, 262, 264, 276, 278, 279, 291, 298, 299, 311, 322, 324, 332, 333, 336, 337, 349, 360, 362, 370, 371, 374, 375, 387, 398, 400, 408, 409], "summary": {"covered_lines": 59, "num_statements": 59, "percent_covered": 100.0, "percent_covered_display": "100", "missing_lines": 0, "excluded_lines": 26}, "missing_lines": [], "excluded_lines": [49, 50, 51, 52, 53, 54, 55, 56, 57, 58, 59, 60, 61, 188, 189, 190, 191, 192, 193, 194, 195, 196, 197, 198, 199, 200], "functions": {"BoolWithProvenance.__init__": {"executed_lines": [46, 47], "summary": {"covered_lines": 2, "num_statements": 2, "percent_covered": 100.0, "percent_covered_display": "100", "missing_lines": 0, "excluded_lines": 0}, "missing_lines": [], "excluded_lines": []}, "BoolWithProvenance.__repr__": {"executed_lines": [61], "summary": {"covered_lines": 0, "num_statements": 0, "percent_covered": 100.0, "percent_covered_display": "100", "missing_lines": 0, "excluded_lines": 12}, "missing_lines": [], "excluded_lines": [50, 51, 52, 53, 54, 55, 56, 57, 58, 59, 60, 61]}, "BoolWithProvenance.__str__": {"executed_lines": [75], "summary": {"covered_lines": 1, "num_statements": 1, "percent_covered": 100.0, "percent_covered_display": "100", "missing_lines": 0, "excluded_lines": 0}, "missing_lines": [], "excluded_lines": []}, "BoolWithProvenance.__bool__": {"executed_lines": [91], "summary": {"covered_lines": 1, "num_statements": 1, "percent_covered": 100.0, "percent_covered_display": "100", "missing_lines": 0, "excluded_lines": 0}, "missing_lines": [], "excluded_lines": []}, "BoolWithProvenance.__eq__": {"executed_lines": [109, 110, 111], "summary": {"covered_lines": 3, "num_statements": 3, "percent_covered": 100.0, "percent_covered_display": "100", "missing_lines": 0, "excluded_lines": 0}, "missing_lines": [], "excluded_lines": []}, "BoolWithProvenance.__ne__": {"executed_lines": [123], "summary": {"covered_lines": 1, "num_statements": 1, "percent_covered": 100.0, "percent_covered_display": "100", "missing_lines": 0, "excluded_lines": 0}, "missing_lines": [], "excluded_lines": []}, "BoolWithProvenance.__hash__": {"executed_lines": [137], "summary": {"covered_lines": 1, "num_statements": 1, "percent_covered": 100.0, "percent_covered_display": "100", "missing_lines": 0, "excluded_lines": 0}, "missing_lines": [], "excluded_lines": []}, "BoolWithProvenance.__class__": {"executed_lines": [152], "summary": {"covered_lines": 1, "num_statements": 1, "percent_covered": 100.0, "percent_covered_display": "100", "missing_lines": 0, "excluded_lines": 0}, "missing_lines": [], "excluded_lines": []}, "NoneWithProvenance.__init__": {"executed_lines": [185, 186], "summary": {"covered_lines": 2, "num_statements": 2, "percent_covered": 100.0, "percent_covered_display": "100", "missing_lines": 0, "excluded_lines": 0}, "missing_lines": [], "excluded_lines": []}, "NoneWithProvenance.__repr__": {"executed_lines": [200], "summary": {"covered_lines": 0, "num_statements": 0, "percent_covered": 100.0, "percent_covered_display": "100", "missing_lines": 0, "excluded_lines": 12}, "missing_lines": [], "excluded_lines": [189, 190, 191, 192, 193, 194, 195, 196, 197, 198, 199, 200]}, "NoneWithProvenance.__str__": {"executed_lines": [214], "summary": {"covered_lines": 1, "num_statements": 1, "percent_covered": 100.0, "percent_covered_display": "100", "missing_lines": 0, "excluded_lines": 0}, "missing_lines": [], "excluded_lines": []}, "NoneWithProvenance.__bool__": {"executed_lines": [230], "summary": {"covered_lines": 1, "num_statements": 1, "percent_covered": 100.0, "percent_covered_display": "100", "missing_lines": 0, "excluded_lines": 0}, "missing_lines": [], "excluded_lines": []}, "NoneWithProvenance.__eq__": {"executed_lines": [248, 249, 250], "summary": {"covered_lines": 3, "num_statements": 3, "percent_covered": 100.0, "percent_covered_display": "100", "missing_lines": 0, "excluded_lines": 0}, "missing_lines": [], "excluded_lines": []}, "NoneWithProvenance.__ne__": {"executed_lines": [262], "summary": {"covered_lines": 1, "num_statements": 1, "percent_covered": 100.0, "percent_covered_display": "100", "missing_lines": 0, "excluded_lines": 0}, "missing_lines": [], "excluded_lines": []}, "NoneWithProvenance.__hash__": {"executed_lines": [276], "summary": {"covered_lines": 1, "num_statements": 1, "percent_covered": 100.0, "percent_covered_display": "100", "missing_lines": 0, "excluded_lines": 0}, "missing_lines": [], "excluded_lines": []}, "NoneWithProvenance.__class__": {"executed_lines": [291], "summary": {"covered_lines": 1, "num_statements": 1, "percent_covered": 100.0, "percent_covered_display": "100", "missing_lines": 0, "excluded_lines": 0}, "missing_lines": [], "excluded_lines": []}, "StrWithProvenance.__new__": {"executed_lines": [322], "summary": {"covered_lines": 1, "num_statements": 1, "percent_covered": 100.0, "percent_covered_display": "100", "missing_lines": 0, "excluded_lines": 0}, "missing_lines": [], "excluded_lines": []}, "StrWithProvenance.__init__": {"executed_lines": [332, 333], "summary": {"covered_lines": 2, "num_statements": 2, "percent_covered": 100.0, "percent_covered_display": "100", "missing_lines": 0, "excluded_lines": 0}, "missing_lines": [], "excluded_lines": []}, "IntWithProvenance.__new__": {"executed_lines": [360], "summary": {"covered_lines": 1, "num_statements": 1, "percent_covered": 100.0, "percent_covered_display": "100", "missing_lines": 0, "excluded_lines": 0}, "missing_lines": [], "excluded_lines": []}, "IntWithProvenance.__init__": {"executed_lines": [370, 371], "summary": {"covered_lines": 2, "num_statements": 2, "percent_covered": 100.0, "percent_covered_display": "100", "missing_lines": 0, "excluded_lines": 0}, "missing_lines": [], "excluded_lines": []}, "FloatWithProvenance.__new__": {"executed_lines": [398], "summary": {"covered_lines": 1, "num_statements": 1, "percent_covered": 100.0, "percent_covered_display": "100", "missing_lines": 0, "excluded_lines": 0}, "missing_lines": [], "excluded_lines": []}, "FloatWithProvenance.__init__": {"executed_lines": [408, 409], "summary": {"covered_lines": 2, "num_statements": 2, "percent_covered": 100.0, "percent_covered_display": "100", "missing_lines": 0, "excluded_lines": 0}, "missing_lines": [], "excluded_lines": []}, "": {"executed_lines": [1, 8, 9, 10, 13, 14, 33, 49, 63, 77, 93, 113, 125, 139, 140, 155, 156, 173, 188, 202, 216, 232, 252, 264, 278, 279, 298, 299, 311, 324, 336, 337, 349, 362, 374, 375, 387, 400], "summary": {"covered_lines": 30, "num_statements": 30, "percent_covered": 100.0, "percent_covered_display": "100", "missing_lines": 0, "excluded_lines": 2}, "missing_lines": [], "excluded_lines": [49, 188]}}, "classes": {"BoolWithProvenance": {"executed_lines": [46, 47, 61, 75, 91, 109, 110, 111, 123, 137, 152], "summary": {"covered_lines": 10, "num_statements": 10, "percent_covered": 100.0, "percent_covered_display": "100", "missing_lines": 0, "excluded_lines": 12}, "missing_lines": [], "excluded_lines": [50, 51, 52, 53, 54, 55, 56, 57, 58, 59, 60, 61]}, "NoneWithProvenance": {"executed_lines": [185, 186, 200, 214, 230, 248, 249, 250, 262, 276, 291], "summary": {"covered_lines": 10, "num_statements": 10, "percent_covered": 100.0, "percent_covered_display": "100", "missing_lines": 0, "excluded_lines": 12}, "missing_lines": [], "excluded_lines": [189, 190, 191, 192, 193, 194, 195, 196, 197, 198, 199, 200]}, "StrWithProvenance": {"executed_lines": [322, 332, 333], "summary": {"covered_lines": 3, "num_statements": 3, "percent_covered": 100.0, "percent_covered_display": "100", "missing_lines": 0, "excluded_lines": 0}, "missing_lines": [], "excluded_lines": []}, "IntWithProvenance": {"executed_lines": [360, 370, 371], "summary": {"covered_lines": 3, "num_statements": 3, "percent_covered": 100.0, "percent_covered_display": "100", "missing_lines": 0, "excluded_lines": 0}, "missing_lines": [], "excluded_lines": []}, "FloatWithProvenance": {"executed_lines": [398, 408, 409], "summary": {"covered_lines": 3, "num_statements": 3, "percent_covered": 100.0, "percent_covered_display": "100", "missing_lines": 0, "excluded_lines": 0}, "missing_lines": [], "excluded_lines": []}, "": {"executed_lines": [1, 8, 9, 10, 13, 14, 33, 49, 63, 77, 93, 113, 125, 139, 140, 155, 156, 173, 188, 202, 216, 232, 252, 264, 278, 279, 298, 299, 311, 324, 336, 337, 349, 362, 374, 375, 387, 400], "summary": {"covered_lines": 30, "num_statements": 30, "percent_covered": 100.0, "percent_covered_display": "100", "missing_lines": 0, "excluded_lines": 2}, "missing_lines": [], "excluded_lines": [49, 188]}}}, "provenance/utils/__init__.py": {"executed_lines": [1, 3, 13, 23, 35], "summary": {"covered_lines": 4, "num_statements": 4, "percent_covered": 100.0, "percent_covered_display": "100", "missing_lines": 0, "excluded_lines": 0}, "missing_lines": [], "excluded_lines": [], "functions": {"": {"executed_lines": [1, 3, 13, 23, 35], "summary": {"covered_lines": 4, "num_statements": 4, "percent_covered": 100.0, "percent_covered_display": "100", "missing_lines": 0, "excluded_lines": 0}, "missing_lines": [], "excluded_lines": []}}, "classes": {"": {"executed_lines": [1, 3, 13, 23, 35], "summary": {"covered_lines": 4, "num_statements": 4, "percent_covered": 100.0, "percent_covered_display": "100", "missing_lines": 0, "excluded_lines": 0}, "missing_lines": [], "excluded_lines": []}}}, "provenance/utils/cleaning.py": {"executed_lines": [1, 8, 10, 13, 47, 48, 51, 52, 55, 56, 62, 65, 85, 124, 127, 128, 150, 173, 198, 228], "summary": {"covered_lines": 19, "num_statements": 47, "percent_covered": 40.42553191489362, "percent_covered_display": "40", "missing_lines": 28, "excluded_lines": 0}, "missing_lines": [82, 131, 132, 135, 136, 137, 138, 140, 141, 142, 143, 144, 147, 168, 169, 170, 191, 193, 216, 217, 219, 220, 222, 223, 225, 246, 247, 248], "excluded_lines": [], "functions": {"clean_provenance": {"executed_lines": [47, 48, 51, 52, 55, 56, 62], "summary": {"covered_lines": 7, "num_statements": 7, "percent_covered": 100.0, "percent_covered_display": "100", "missing_lines": 0, "excluded_lines": 0}, "missing_lines": [], "excluded_lines": []}, "strip_provenance": {"executed_lines": [], "summary": {"covered_lines": 0, "num_statements": 1, "percent_covered": 0.0, "percent_covered_display": "0", "missing_lines": 1, "excluded_lines": 0}, "missing_lines": [82], "excluded_lines": []}, "extract_provenance_tree": {"executed_lines": [124, 127, 128], "summary": {"covered_lines": 3, "num_statements": 15, "percent_covered": 20.0, "percent_covered_display": "20", "missing_lines": 12, "excluded_lines": 0}, "missing_lines": [131, 132, 135, 136, 137, 138, 140, 141, 142, 143, 144, 147], "excluded_lines": []}, "get_original_type": {"executed_lines": [], "summary": {"covered_lines": 0, "num_statements": 3, "percent_covered": 0.0, "percent_covered_display": "0", "missing_lines": 3, "excluded_lines": 0}, "missing_lines": [168, 169, 170], "excluded_lines": []}, "is_wrapped": {"executed_lines": [], "summary": {"covered_lines": 0, "num_statements": 2, "percent_covered": 0.0, "percent_covered_display": "0", "missing_lines": 2, "excluded_lines": 0}, "missing_lines": [191, 193], "excluded_lines": []}, "has_provenance": {"executed_lines": [], "summary": {"covered_lines": 0, "num_statements": 7, "percent_covered": 0.0, "percent_covered_display": "0", "missing_lines": 7, "excluded_lines": 0}, "missing_lines": [216, 217, 219, 220, 222, 223, 225], "excluded_lines": []}, "extract_value": {"executed_lines": [], "summary": {"covered_lines": 0, "num_statements": 3, "percent_covered": 0.0, "percent_covered_display": "0", "missing_lines": 3, "excluded_lines": 0}, "missing_lines": [246, 247, 248], "excluded_lines": []}, "": {"executed_lines": [1, 8, 10, 13, 65, 85, 150, 173, 198, 228], "summary": {"covered_lines": 9, "num_statements": 9, "percent_covered": 100.0, "percent_covered_display": "100", "missing_lines": 0, "excluded_lines": 0}, "missing_lines": [], "excluded_lines": []}}, "classes": {"": {"executed_lines": [1, 8, 10, 13, 47, 48, 51, 52, 55, 56, 62, 65, 85, 124, 127, 128, 150, 173, 198, 228], "summary": {"covered_lines": 19, "num_statements": 47, "percent_covered": 40.42553191489362, "percent_covered_display": "40", "missing_lines": 28, "excluded_lines": 0}, "missing_lines": [82, 131, 132, 135, 136, 137, 138, 140, 141, 142, 143, 144, 147, 168, 169, 170, 191, 193, 216, 217, 219, 220, 222, 223, 225, 246, 247, 248], "excluded_lines": []}}}, "provenance/utils/serialization.py": {"executed_lines": [1, 8, 9, 10, 11, 13, 14, 17, 55, 96, 137, 168, 207, 244, 276, 297], "summary": {"covered_lines": 15, "num_statements": 101, "percent_covered": 14.851485148514852, "percent_covered_display": "15", "missing_lines": 86, "excluded_lines": 0}, "missing_lines": [42, 43, 45, 46, 49, 89, 90, 91, 92, 93, 124, 125, 126, 128, 129, 131, 133, 134, 161, 163, 164, 165, 191, 192, 194, 195, 196, 199, 201, 203, 204, 225, 226, 228, 229, 231, 232, 233, 236, 238, 240, 241, 259, 260, 262, 263, 264, 265, 266, 267, 268, 270, 271, 273, 292, 294, 324, 326, 327, 330, 331, 332, 333, 334, 335, 336, 337, 338, 339, 340, 342, 345, 346, 347, 350, 351, 352, 353, 354, 355, 356, 357, 358, 361, 362, 366], "excluded_lines": [], "functions": {"to_dict": {"executed_lines": [], "summary": {"covered_lines": 0, "num_statements": 5, "percent_covered": 0.0, "percent_covered_display": "0", "missing_lines": 5, "excluded_lines": 0}, "missing_lines": [42, 43, 45, 46, 49], "excluded_lines": []}, "to_json": {"executed_lines": [], "summary": {"covered_lines": 0, "num_statements": 5, "percent_covered": 0.0, "percent_covered_display": "0", "missing_lines": 5, "excluded_lines": 0}, "missing_lines": [89, 90, 91, 92, 93], "excluded_lines": []}, "to_json_file": {"executed_lines": [], "summary": {"covered_lines": 0, "num_statements": 8, "percent_covered": 0.0, "percent_covered_display": "0", "missing_lines": 8, "excluded_lines": 0}, "missing_lines": [124, 125, 126, 128, 129, 131, 133, 134], "excluded_lines": []}, "from_dict": {"executed_lines": [], "summary": {"covered_lines": 0, "num_statements": 4, "percent_covered": 0.0, "percent_covered_display": "0", "missing_lines": 4, "excluded_lines": 0}, "missing_lines": [161, 163, 164, 165], "excluded_lines": []}, "from_json": {"executed_lines": [], "summary": {"covered_lines": 0, "num_statements": 9, "percent_covered": 0.0, "percent_covered_display": "0", "missing_lines": 9, "excluded_lines": 0}, "missing_lines": [191, 192, 194, 195, 196, 199, 201, 203, 204], "excluded_lines": []}, "from_json_file": {"executed_lines": [], "summary": {"covered_lines": 0, "num_statements": 11, "percent_covered": 0.0, "percent_covered_display": "0", "missing_lines": 11, "excluded_lines": 0}, "missing_lines": [225, 226, 228, 229, 231, 232, 233, 236, 238, 240, 241], "excluded_lines": []}, "provenance_to_dict": {"executed_lines": [], "summary": {"covered_lines": 0, "num_statements": 12, "percent_covered": 0.0, "percent_covered_display": "0", "missing_lines": 12, "excluded_lines": 0}, "missing_lines": [259, 260, 262, 263, 264, 265, 266, 267, 268, 270, 271, 273], "excluded_lines": []}, "dict_to_provenance": {"executed_lines": [], "summary": {"covered_lines": 0, "num_statements": 2, "percent_covered": 0.0, "percent_covered_display": "0", "missing_lines": 2, "excluded_lines": 0}, "missing_lines": [292, 294], "excluded_lines": []}, "serialize_for_display": {"executed_lines": [], "summary": {"covered_lines": 0, "num_statements": 30, "percent_covered": 0.0, "percent_covered_display": "0", "missing_lines": 30, "excluded_lines": 0}, "missing_lines": [324, 326, 327, 330, 331, 332, 333, 334, 335, 336, 337, 338, 339, 340, 342, 345, 346, 347, 350, 351, 352, 353, 354, 355, 356, 357, 358, 361, 362, 366], "excluded_lines": []}, "": {"executed_lines": [1, 8, 9, 10, 11, 13, 14, 17, 55, 96, 137, 168, 207, 244, 276, 297], "summary": {"covered_lines": 15, "num_statements": 15, "percent_covered": 100.0, "percent_covered_display": "100", "missing_lines": 0, "excluded_lines": 0}, "missing_lines": [], "excluded_lines": []}}, "classes": {"": {"executed_lines": [1, 8, 9, 10, 11, 13, 14, 17, 55, 96, 137, 168, 207, 244, 276, 297], "summary": {"covered_lines": 15, "num_statements": 101, "percent_covered": 14.851485148514852, "percent_covered_display": "15", "missing_lines": 86, "excluded_lines": 0}, "missing_lines": [42, 43, 45, 46, 49, 89, 90, 91, 92, 93, 124, 125, 126, 128, 129, 131, 133, 134, 161, 163, 164, 165, 191, 192, 194, 195, 196, 199, 201, 203, 204, 225, 226, 228, 229, 231, 232, 233, 236, 238, 240, 241, 259, 260, 262, 263, 264, 265, 266, 267, 268, 270, 271, 273, 292, 294, 324, 326, 327, 330, 331, 332, 333, 334, 335, 336, 337, 338, 339, 340, 342, 345, 346, 347, 350, 351, 352, 353, 354, 355, 356, 357, 358, 361, 362, 366], "excluded_lines": []}}}, "provenance/utils/validation.py": {"executed_lines": [1, 8, 9, 10, 12, 13, 16, 75, 110, 160, 212, 243, 294], "summary": {"covered_lines": 12, "num_statements": 120, "percent_covered": 10.0, "percent_covered_display": "10", "missing_lines": 108, "excluded_lines": 0}, "missing_lines": [35, 36, 37, 38, 40, 43, 44, 45, 46, 49, 50, 51, 52, 55, 56, 57, 58, 59, 60, 63, 64, 65, 66, 68, 69, 70, 72, 93, 95, 96, 98, 99, 100, 102, 103, 104, 105, 107, 134, 137, 138, 139, 140, 141, 144, 145, 146, 147, 148, 151, 152, 153, 154, 155, 157, 180, 181, 182, 184, 185, 186, 189, 190, 193, 194, 197, 204, 209, 226, 227, 229, 230, 233, 234, 237, 238, 240, 258, 259, 262, 263, 266, 267, 268, 271, 272, 273, 276, 277, 278, 279, 282, 283, 284, 285, 286, 287, 288, 289, 291, 318, 320, 321, 323, 324, 326, 327, 329], "excluded_lines": [], "functions": {"validate_provenance_step": {"executed_lines": [], "summary": {"covered_lines": 0, "num_statements": 27, "percent_covered": 0.0, "percent_covered_display": "0", "missing_lines": 27, "excluded_lines": 0}, "missing_lines": [35, 36, 37, 38, 40, 43, 44, 45, 46, 49, 50, 51, 52, 55, 56, 57, 58, 59, 60, 63, 64, 65, 66, 68, 69, 70, 72], "excluded_lines": []}, "validate_provenance_history": {"executed_lines": [], "summary": {"covered_lines": 0, "num_statements": 11, "percent_covered": 0.0, "percent_covered_display": "0", "missing_lines": 11, "excluded_lines": 0}, "missing_lines": [93, 95, 96, 98, 99, 100, 102, 103, 104, 105, 107], "excluded_lines": []}, "validate_provenance_tree": {"executed_lines": [], "summary": {"covered_lines": 0, "num_statements": 17, "percent_covered": 0.0, "percent_covered_display": "0", "missing_lines": 17, "excluded_lines": 0}, "missing_lines": [134, 137, 138, 139, 140, 141, 144, 145, 146, 147, 148, 151, 152, 153, 154, 155, 157], "excluded_lines": []}, "check_provenance_consistency": {"executed_lines": [], "summary": {"covered_lines": 0, "num_statements": 13, "percent_covered": 0.0, "percent_covered_display": "0", "missing_lines": 13, "excluded_lines": 0}, "missing_lines": [180, 181, 182, 184, 185, 186, 189, 190, 193, 194, 197, 204, 209], "excluded_lines": []}, "validate_category_name": {"executed_lines": [], "summary": {"covered_lines": 0, "num_statements": 9, "percent_covered": 0.0, "percent_covered_display": "0", "missing_lines": 9, "excluded_lines": 0}, "missing_lines": [226, 227, 229, 230, 233, 234, 237, 238, 240], "excluded_lines": []}, "validate_yaml_reference": {"executed_lines": [], "summary": {"covered_lines": 0, "num_statements": 23, "percent_covered": 0.0, "percent_covered_display": "0", "missing_lines": 23, "excluded_lines": 0}, "missing_lines": [258, 259, 262, 263, 266, 267, 268, 271, 272, 273, 276, 277, 278, 279, 282, 283, 284, 285, 286, 287, 288, 289, 291], "excluded_lines": []}, "ensure_provenance_valid": {"executed_lines": [], "summary": {"covered_lines": 0, "num_statements": 8, "percent_covered": 0.0, "percent_covered_display": "0", "missing_lines": 8, "excluded_lines": 0}, "missing_lines": [318, 320, 321, 323, 324, 326, 327, 329], "excluded_lines": []}, "": {"executed_lines": [1, 8, 9, 10, 12, 13, 16, 75, 110, 160, 212, 243, 294], "summary": {"covered_lines": 12, "num_statements": 12, "percent_covered": 100.0, "percent_covered_display": "100", "missing_lines": 0, "excluded_lines": 0}, "missing_lines": [], "excluded_lines": []}}, "classes": {"": {"executed_lines": [1, 8, 9, 10, 12, 13, 16, 75, 110, 160, 212, 243, 294], "summary": {"covered_lines": 12, "num_statements": 120, "percent_covered": 10.0, "percent_covered_display": "10", "missing_lines": 108, "excluded_lines": 0}, "missing_lines": [35, 36, 37, 38, 40, 43, 44, 45, 46, 49, 50, 51, 52, 55, 56, 57, 58, 59, 60, 63, 64, 65, 66, 68, 69, 70, 72, 93, 95, 96, 98, 99, 100, 102, 103, 104, 105, 107, 134, 137, 138, 139, 140, 141, 144, 145, 146, 147, 148, 151, 152, 153, 154, 155, 157, 180, 181, 182, 184, 185, 186, 189, 190, 193, 194, 197, 204, 209, 226, 227, 229, 230, 233, 234, 237, 238, 240, 258, 259, 262, 263, 266, 267, 268, 271, 272, 273, 276, 277, 278, 279, 282, 283, 284, 285, 286, 287, 288, 289, 291, 318, 320, 321, 323, 324, 326, 327, 329], "excluded_lines": []}}}, "provenance/version.py": {"executed_lines": [1, 3, 4, 7, 10], "summary": {"covered_lines": 4, "num_statements": 5, "percent_covered": 80.0, "percent_covered_display": "80", "missing_lines": 1, "excluded_lines": 0}, "missing_lines": [17], "excluded_lines": [], "functions": {"get_version": {"executed_lines": [], "summary": {"covered_lines": 0, "num_statements": 1, "percent_covered": 0.0, "percent_covered_display": "0", "missing_lines": 1, "excluded_lines": 0}, "missing_lines": [17], "excluded_lines": []}, "": {"executed_lines": [1, 3, 4, 7, 10], "summary": {"covered_lines": 4, "num_statements": 4, "percent_covered": 100.0, "percent_covered_display": "100", "missing_lines": 0, "excluded_lines": 0}, "missing_lines": [], "excluded_lines": []}}, "classes": {"": {"executed_lines": [1, 3, 4, 7, 10], "summary": {"covered_lines": 4, "num_statements": 5, "percent_covered": 80.0, "percent_covered_display": "80", "missing_lines": 1, "excluded_lines": 0}, "missing_lines": [17], "excluded_lines": []}}}, "provenance/yaml/__init__.py": {"executed_lines": [1, 49, 50, 51, 57, 68], "summary": {"covered_lines": 5, "num_statements": 5, "percent_covered": 100.0, "percent_covered_display": "100", "missing_lines": 0, "excluded_lines": 0}, "missing_lines": [], "excluded_lines": [], "functions": {"": {"executed_lines": [1, 49, 50, 51, 57, 68], "summary": {"covered_lines": 5, "num_statements": 5, "percent_covered": 100.0, "percent_covered_display": "100", "missing_lines": 0, "excluded_lines": 0}, "missing_lines": [], "excluded_lines": []}}, "classes": {"": {"executed_lines": [1, 49, 50, 51, 57, 68], "summary": {"covered_lines": 5, "num_statements": 5, "percent_covered": 100.0, "percent_covered_display": "100", "missing_lines": 0, "excluded_lines": 0}, "missing_lines": [], "excluded_lines": []}}}, "provenance/yaml/constructors.py": {"executed_lines": [1, 8, 9, 10, 11, 12, 13, 16, 17, 32, 37, 87, 88, 102, 133, 246], "summary": {"covered_lines": 13, "num_statements": 90, "percent_covered": 14.444444444444445, "percent_covered_display": "14", "missing_lines": 77, "excluded_lines": 0}, "missing_lines": [34, 35, 55, 57, 58, 59, 61, 62, 63, 65, 66, 72, 73, 76, 77, 79, 84, 120, 125, 130, 158, 160, 161, 164, 167, 170, 173, 175, 191, 192, 193, 194, 197, 198, 199, 200, 201, 202, 205, 206, 207, 208, 209, 210, 213, 216, 219, 222, 223, 224, 226, 227, 233, 234, 236, 238, 241, 243, 264, 266, 269, 271, 286, 287, 288, 289, 292, 293, 294, 296, 297, 298, 304, 306, 309, 314, 317], "excluded_lines": [], "functions": {"EnvironmentConstructor.__init__": {"executed_lines": [], "summary": {"covered_lines": 0, "num_statements": 2, "percent_covered": 0.0, "percent_covered_display": "0", "missing_lines": 2, "excluded_lines": 0}, "missing_lines": [34, 35], "excluded_lines": []}, "EnvironmentConstructor.construct_scalar": {"executed_lines": [], "summary": {"covered_lines": 0, "num_statements": 15, "percent_covered": 0.0, "percent_covered_display": "0", "missing_lines": 15, "excluded_lines": 0}, "missing_lines": [55, 57, 58, 59, 61, 62, 63, 65, 66, 72, 73, 76, 77, 79, 84], "excluded_lines": []}, "ProvenanceConstructor.construct_object": {"executed_lines": [], "summary": {"covered_lines": 0, "num_statements": 3, "percent_covered": 0.0, "percent_covered_display": "0", "missing_lines": 3, "excluded_lines": 0}, "missing_lines": [120, 125, 130], "excluded_lines": []}, "create_env_loader": {"executed_lines": [], "summary": {"covered_lines": 0, "num_statements": 10, "percent_covered": 0.0, "percent_covered_display": "0", "missing_lines": 10, "excluded_lines": 0}, "missing_lines": [158, 160, 161, 164, 167, 170, 173, 175, 241, 243], "excluded_lines": []}, "create_env_loader.constructor_env_variables": {"executed_lines": [], "summary": {"covered_lines": 0, "num_statements": 28, "percent_covered": 0.0, "percent_covered_display": "0", "missing_lines": 28, "excluded_lines": 0}, "missing_lines": [191, 192, 193, 194, 197, 198, 199, 200, 201, 202, 205, 206, 207, 208, 209, 210, 213, 216, 219, 222, 223, 224, 226, 227, 233, 234, 236, 238], "excluded_lines": []}, "check_duplicates": {"executed_lines": [], "summary": {"covered_lines": 0, "num_statements": 7, "percent_covered": 0.0, "percent_covered_display": "0", "missing_lines": 7, "excluded_lines": 0}, "missing_lines": [264, 266, 269, 271, 309, 314, 317], "excluded_lines": []}, "check_duplicates.map_constructor": {"executed_lines": [], "summary": {"covered_lines": 0, "num_statements": 12, "percent_covered": 0.0, "percent_covered_display": "0", "missing_lines": 12, "excluded_lines": 0}, "missing_lines": [286, 287, 288, 289, 292, 293, 294, 296, 297, 298, 304, 306], "excluded_lines": []}, "": {"executed_lines": [1, 8, 9, 10, 11, 12, 13, 16, 17, 32, 37, 87, 88, 102, 133, 246], "summary": {"covered_lines": 13, "num_statements": 13, "percent_covered": 100.0, "percent_covered_display": "100", "missing_lines": 0, "excluded_lines": 0}, "missing_lines": [], "excluded_lines": []}}, "classes": {"EnvironmentConstructor": {"executed_lines": [], "summary": {"covered_lines": 0, "num_statements": 17, "percent_covered": 0.0, "percent_covered_display": "0", "missing_lines": 17, "excluded_lines": 0}, "missing_lines": [34, 35, 55, 57, 58, 59, 61, 62, 63, 65, 66, 72, 73, 76, 77, 79, 84], "excluded_lines": []}, "ProvenanceConstructor": {"executed_lines": [], "summary": {"covered_lines": 0, "num_statements": 3, "percent_covered": 0.0, "percent_covered_display": "0", "missing_lines": 3, "excluded_lines": 0}, "missing_lines": [120, 125, 130], "excluded_lines": []}, "check_duplicates.PreserveDuplicatesLoader": {"executed_lines": [], "summary": {"covered_lines": 0, "num_statements": 0, "percent_covered": 100.0, "percent_covered_display": "100", "missing_lines": 0, "excluded_lines": 0}, "missing_lines": [], "excluded_lines": []}, "": {"executed_lines": [1, 8, 9, 10, 11, 12, 13, 16, 17, 32, 37, 87, 88, 102, 133, 246], "summary": {"covered_lines": 13, "num_statements": 70, "percent_covered": 18.571428571428573, "percent_covered_display": "19", "missing_lines": 57, "excluded_lines": 0}, "missing_lines": [158, 160, 161, 164, 167, 170, 173, 175, 191, 192, 193, 194, 197, 198, 199, 200, 201, 202, 205, 206, 207, 208, 209, 210, 213, 216, 219, 222, 223, 224, 226, 227, 233, 234, 236, 238, 241, 243, 264, 266, 269, 271, 286, 287, 288, 289, 292, 293, 294, 296, 297, 298, 304, 306, 309, 314, 317], "excluded_lines": []}}}, "provenance/yaml/dumper.py": {"executed_lines": [1, 9, 10, 11, 12, 13, 14, 17, 18, 46, 55, 56, 57, 58, 59, 61, 97, 99, 100, 104, 108, 111, 114, 115, 116, 117, 118, 120, 121, 123, 148, 149, 150, 152, 165, 167, 172, 174, 179, 181, 191, 192, 193, 194, 195, 196, 197, 199, 213, 215, 216, 219, 220, 221, 223, 224, 225, 226, 228, 229, 230, 231, 232, 233, 235, 236, 238, 239, 243, 263, 265, 267, 269, 270, 271, 273, 275, 277, 278, 280, 281, 283, 284, 286, 287, 289, 290, 292, 293, 295, 300, 303, 304, 305, 308, 310, 312, 330, 332, 334, 336, 339, 343, 344, 347, 348, 349, 350, 351, 352, 353, 354, 355, 356, 357, 359, 360, 362, 364], "summary": {"covered_lines": 117, "num_statements": 121, "percent_covered": 96.69421487603306, "percent_covered_display": "97", "missing_lines": 4, "excluded_lines": 0}, "missing_lines": [234, 241, 337, 340], "excluded_lines": [], "functions": {"ProvenanceDumper.__init__": {"executed_lines": [55, 56, 57, 58, 59], "summary": {"covered_lines": 5, "num_statements": 5, "percent_covered": 100.0, "percent_covered_display": "100", "missing_lines": 0, "excluded_lines": 0}, "missing_lines": [], "excluded_lines": []}, "ProvenanceDumper.dump": {"executed_lines": [97, 99, 100, 104, 108, 111, 114, 115, 116, 117, 118, 120, 121], "summary": {"covered_lines": 13, "num_statements": 13, "percent_covered": 100.0, "percent_covered_display": "100", "missing_lines": 0, "excluded_lines": 0}, "missing_lines": [], "excluded_lines": []}, "ProvenanceDumper.dumps": {"executed_lines": [148, 149, 150], "summary": {"covered_lines": 3, "num_statements": 3, "percent_covered": 100.0, "percent_covered_display": "100", "missing_lines": 0, "excluded_lines": 0}, "missing_lines": [], "excluded_lines": []}, "ProvenanceDumper._has_provenance": {"executed_lines": [165, 167, 172, 174, 179], "summary": {"covered_lines": 5, "num_statements": 5, "percent_covered": 100.0, "percent_covered_display": "100", "missing_lines": 0, "excluded_lines": 0}, "missing_lines": [], "excluded_lines": []}, "ProvenanceDumper._dict_has_wrapped_values": {"executed_lines": [191, 192, 193, 194, 195, 196, 197], "summary": {"covered_lines": 7, "num_statements": 7, "percent_covered": 100.0, "percent_covered_display": "100", "missing_lines": 0, "excluded_lines": 0}, "missing_lines": [], "excluded_lines": []}, "ProvenanceDumper._prepare_data_for_dump": {"executed_lines": [213, 215, 216, 219, 220, 221, 223, 224, 225, 226, 228, 229, 230, 231, 232, 233, 235, 236, 238, 239], "summary": {"covered_lines": 20, "num_statements": 22, "percent_covered": 90.9090909090909, "percent_covered_display": "91", "missing_lines": 2, "excluded_lines": 0}, "missing_lines": [234, 241], "excluded_lines": []}, "ProvenanceDumper._add_provenance_comments": {"executed_lines": [263, 265, 267, 269, 270, 271, 273, 275, 277, 278, 280, 281, 283, 284, 286, 287, 289, 290, 292, 293, 295, 300, 303, 304, 305, 308, 310], "summary": {"covered_lines": 27, "num_statements": 27, "percent_covered": 100.0, "percent_covered_display": "100", "missing_lines": 0, "excluded_lines": 0}, "missing_lines": [], "excluded_lines": []}, "ProvenanceDumper._add_list_comments": {"executed_lines": [330, 332, 334, 336, 339, 343, 344, 347, 348, 349, 350, 351, 352, 353, 354, 355, 356, 357, 359, 360, 362, 364], "summary": {"covered_lines": 22, "num_statements": 24, "percent_covered": 91.66666666666667, "percent_covered_display": "92", "missing_lines": 2, "excluded_lines": 0}, "missing_lines": [337, 340], "excluded_lines": []}, "": {"executed_lines": [1, 9, 10, 11, 12, 13, 14, 17, 18, 46, 61, 123, 152, 181, 199, 243, 312], "summary": {"covered_lines": 15, "num_statements": 15, "percent_covered": 100.0, "percent_covered_display": "100", "missing_lines": 0, "excluded_lines": 0}, "missing_lines": [], "excluded_lines": []}}, "classes": {"ProvenanceDumper": {"executed_lines": [55, 56, 57, 58, 59, 97, 99, 100, 104, 108, 111, 114, 115, 116, 117, 118, 120, 121, 148, 149, 150, 165, 167, 172, 174, 179, 191, 192, 193, 194, 195, 196, 197, 213, 215, 216, 219, 220, 221, 223, 224, 225, 226, 228, 229, 230, 231, 232, 233, 235, 236, 238, 239, 263, 265, 267, 269, 270, 271, 273, 275, 277, 278, 280, 281, 283, 284, 286, 287, 289, 290, 292, 293, 295, 300, 303, 304, 305, 308, 310, 330, 332, 334, 336, 339, 343, 344, 347, 348, 349, 350, 351, 352, 353, 354, 355, 356, 357, 359, 360, 362, 364], "summary": {"covered_lines": 102, "num_statements": 106, "percent_covered": 96.22641509433963, "percent_covered_display": "96", "missing_lines": 4, "excluded_lines": 0}, "missing_lines": [234, 241, 337, 340], "excluded_lines": []}, "": {"executed_lines": [1, 9, 10, 11, 12, 13, 14, 17, 18, 46, 61, 123, 152, 181, 199, 243, 312], "summary": {"covered_lines": 15, "num_statements": 15, "percent_covered": 100.0, "percent_covered_display": "100", "missing_lines": 0, "excluded_lines": 0}, "missing_lines": [], "excluded_lines": []}}}, "provenance/yaml/loader.py": {"executed_lines": [1, 8, 9, 10, 11, 12, 15, 16, 43, 58, 59, 60, 61, 62, 64, 66, 103, 105, 106, 109, 110, 111, 112, 114, 115, 116, 118, 119, 122, 123, 124, 125, 130, 135, 138, 139, 141, 143, 153, 154, 158, 159, 161, 163, 193, 194, 195, 198, 199, 202, 207, 208, 213, 220, 222, 223, 224, 226, 227, 228, 232, 233, 239, 248, 260, 298, 300, 301, 302, 303, 304, 305, 312, 313, 315], "summary": {"covered_lines": 73, "num_statements": 78, "percent_covered": 93.58974358974359, "percent_covered_display": "94", "missing_lines": 5, "excluded_lines": 0}, "missing_lines": [127, 204, 230, 252, 307], "excluded_lines": [], "functions": {"ProvenanceLoader.__init__": {"executed_lines": [58, 59, 60, 61, 62, 64], "summary": {"covered_lines": 6, "num_statements": 6, "percent_covered": 100.0, "percent_covered_display": "100", "missing_lines": 0, "excluded_lines": 0}, "missing_lines": [], "excluded_lines": []}, "ProvenanceLoader.load": {"executed_lines": [103, 105, 106, 109, 110, 111, 112, 114, 115, 116, 118, 119, 122, 123, 124, 125, 130, 135, 138, 139, 141], "summary": {"covered_lines": 21, "num_statements": 22, "percent_covered": 95.45454545454545, "percent_covered_display": "95", "missing_lines": 1, "excluded_lines": 0}, "missing_lines": [127], "excluded_lines": []}, "ProvenanceLoader._clean_commented_data": {"executed_lines": [153, 154, 158, 159, 161], "summary": {"covered_lines": 5, "num_statements": 5, "percent_covered": 100.0, "percent_covered_display": "100", "missing_lines": 0, "excluded_lines": 0}, "missing_lines": [], "excluded_lines": []}, "ProvenanceLoader._extract_provenance": {"executed_lines": [193, 194, 195, 198, 199, 202, 207, 208, 213, 220, 222, 223, 224, 226, 227, 228, 232, 233, 239, 248], "summary": {"covered_lines": 20, "num_statements": 23, "percent_covered": 86.95652173913044, "percent_covered_display": "87", "missing_lines": 3, "excluded_lines": 0}, "missing_lines": [204, 230, 252], "excluded_lines": []}, "ProvenanceLoader.load_multiple": {"executed_lines": [298, 300, 301, 302, 303, 304, 305, 312, 313, 315], "summary": {"covered_lines": 10, "num_statements": 11, "percent_covered": 90.9090909090909, "percent_covered_display": "91", "missing_lines": 1, "excluded_lines": 0}, "missing_lines": [307], "excluded_lines": []}, "": {"executed_lines": [1, 8, 9, 10, 11, 12, 15, 16, 43, 66, 143, 163, 260], "summary": {"covered_lines": 11, "num_statements": 11, "percent_covered": 100.0, "percent_covered_display": "100", "missing_lines": 0, "excluded_lines": 0}, "missing_lines": [], "excluded_lines": []}}, "classes": {"ProvenanceLoader": {"executed_lines": [58, 59, 60, 61, 62, 64, 103, 105, 106, 109, 110, 111, 112, 114, 115, 116, 118, 119, 122, 123, 124, 125, 130, 135, 138, 139, 141, 153, 154, 158, 159, 161, 193, 194, 195, 198, 199, 202, 207, 208, 213, 220, 222, 223, 224, 226, 227, 228, 232, 233, 239, 248, 298, 300, 301, 302, 303, 304, 305, 312, 313, 315], "summary": {"covered_lines": 62, "num_statements": 67, "percent_covered": 92.53731343283582, "percent_covered_display": "93", "missing_lines": 5, "excluded_lines": 0}, "missing_lines": [127, 204, 230, 252, 307], "excluded_lines": []}, "": {"executed_lines": [1, 8, 9, 10, 11, 12, 15, 16, 43, 66, 143, 163, 260], "summary": {"covered_lines": 11, "num_statements": 11, "percent_covered": 100.0, "percent_covered_display": "100", "missing_lines": 0, "excluded_lines": 0}, "missing_lines": [], "excluded_lines": []}}}, "provenance/yaml/utils.py": {"executed_lines": [1, 8, 9, 10, 13, 34, 35, 36, 39, 40, 41, 42, 43, 44, 45, 47, 50, 51, 57, 60, 87, 89, 90, 92, 93, 94, 95, 98, 99, 103, 106, 161, 219, 239, 240, 242, 243, 245, 246, 247, 248, 249, 251, 252, 253, 255, 258, 259, 272, 275, 297, 299, 300, 301, 302, 304, 305, 310, 311, 314, 353, 377], "summary": {"covered_lines": 61, "num_statements": 127, "percent_covered": 48.031496062992126, "percent_covered_display": "48", "missing_lines": 66, "excluded_lines": 0}, "missing_lines": [46, 48, 52, 53, 54, 55, 96, 130, 133, 135, 136, 138, 140, 142, 145, 148, 150, 152, 153, 154, 156, 158, 188, 190, 191, 193, 194, 195, 198, 199, 200, 201, 203, 204, 205, 206, 207, 210, 211, 212, 213, 214, 216, 260, 261, 262, 263, 264, 265, 266, 267, 269, 270, 306, 307, 308, 333, 334, 337, 340, 342, 343, 346, 347, 348, 350], "excluded_lines": [], "functions": {"validate_provenance_structure": {"executed_lines": [34, 35, 36, 39, 40, 41, 42, 43, 44, 45, 47, 50, 51, 57], "summary": {"covered_lines": 14, "num_statements": 20, "percent_covered": 70.0, "percent_covered_display": "70", "missing_lines": 6, "excluded_lines": 0}, "missing_lines": [46, 48, 52, 53, 54, 55], "excluded_lines": []}, "get_provenance_for_key": {"executed_lines": [87, 89, 90, 92, 93, 94, 95, 98, 99, 103], "summary": {"covered_lines": 10, "num_statements": 11, "percent_covered": 90.9090909090909, "percent_covered_display": "91", "missing_lines": 1, "excluded_lines": 0}, "missing_lines": [96], "excluded_lines": []}, "merge_provenance_dicts": {"executed_lines": [], "summary": {"covered_lines": 0, "num_statements": 15, "percent_covered": 0.0, "percent_covered_display": "0", "missing_lines": 15, "excluded_lines": 0}, "missing_lines": [130, 133, 135, 136, 138, 140, 142, 145, 148, 150, 152, 153, 154, 156, 158], "excluded_lines": []}, "filter_provenance_by_category": {"executed_lines": [], "summary": {"covered_lines": 0, "num_statements": 21, "percent_covered": 0.0, "percent_covered_display": "0", "missing_lines": 21, "excluded_lines": 0}, "missing_lines": [188, 190, 191, 193, 194, 195, 198, 199, 200, 201, 203, 204, 205, 206, 207, 210, 211, 212, 213, 214, 216], "excluded_lines": []}, "format_provenance_for_display": {"executed_lines": [239, 240, 242, 243, 245, 246, 247, 248, 249, 251, 252, 253, 255, 258, 259, 272], "summary": {"covered_lines": 16, "num_statements": 26, "percent_covered": 61.53846153846154, "percent_covered_display": "62", "missing_lines": 10, "excluded_lines": 0}, "missing_lines": [260, 261, 262, 263, 264, 265, 266, 267, 269, 270], "excluded_lines": []}, "extract_file_list_from_provenance": {"executed_lines": [297, 299, 310, 311], "summary": {"covered_lines": 4, "num_statements": 4, "percent_covered": 100.0, "percent_covered_display": "100", "missing_lines": 0, "excluded_lines": 0}, "missing_lines": [], "excluded_lines": []}, "extract_file_list_from_provenance.extract_recursive": {"executed_lines": [300, 301, 302, 304, 305], "summary": {"covered_lines": 5, "num_statements": 8, "percent_covered": 62.5, "percent_covered_display": "62", "missing_lines": 3, "excluded_lines": 0}, "missing_lines": [306, 307, 308], "excluded_lines": []}, "sanitize_yaml_value": {"executed_lines": [], "summary": {"covered_lines": 0, "num_statements": 10, "percent_covered": 0.0, "percent_covered_display": "0", "missing_lines": 10, "excluded_lines": 0}, "missing_lines": [333, 334, 337, 340, 342, 343, 346, 347, 348, 350], "excluded_lines": []}, "create_minimal_provenance": {"executed_lines": [377], "summary": {"covered_lines": 1, "num_statements": 1, "percent_covered": 100.0, "percent_covered_display": "100", "missing_lines": 0, "excluded_lines": 0}, "missing_lines": [], "excluded_lines": []}, "": {"executed_lines": [1, 8, 9, 10, 13, 60, 106, 161, 219, 275, 314, 353], "summary": {"covered_lines": 11, "num_statements": 11, "percent_covered": 100.0, "percent_covered_display": "100", "missing_lines": 0, "excluded_lines": 0}, "missing_lines": [], "excluded_lines": []}}, "classes": {"": {"executed_lines": [1, 8, 9, 10, 13, 34, 35, 36, 39, 40, 41, 42, 43, 44, 45, 47, 50, 51, 57, 60, 87, 89, 90, 92, 93, 94, 95, 98, 99, 103, 106, 161, 219, 239, 240, 242, 243, 245, 246, 247, 248, 249, 251, 252, 253, 255, 258, 259, 272, 275, 297, 299, 300, 301, 302, 304, 305, 310, 311, 314, 353, 377], "summary": {"covered_lines": 61, "num_statements": 127, "percent_covered": 48.031496062992126, "percent_covered_display": "48", "missing_lines": 66, "excluded_lines": 0}, "missing_lines": [46, 48, 52, 53, 54, 55, 96, 130, 133, 135, 136, 138, 140, 142, 145, 148, 150, 152, 153, 154, 156, 158, 188, 190, 191, 193, 194, 195, 198, 199, 200, 201, 203, 204, 205, 206, 207, 210, 211, 212, 213, 214, 216, 260, 261, 262, 263, 264, 265, 266, 267, 269, 270, 306, 307, 308, 333, 334, 337, 340, 342, 343, 346, 347, 348, 350], "excluded_lines": []}}}}, "totals": {"covered_lines": 899, "num_statements": 1388, "percent_covered": 64.76945244956772, "percent_covered_display": "65", "missing_lines": 489, "excluded_lines": 43}}